2018-11-07 21:59:51,318:INFO: Creating the dataset...
2018-11-07 21:59:51,341:INFO: Creating the model...
2018-11-07 21:59:51,604:INFO: Starting evaluation
2018-11-07 22:02:03,514:INFO: Creating the dataset...
2018-11-07 22:02:03,537:INFO: Creating the model...
2018-11-07 22:02:03,799:INFO: Starting evaluation
2018-11-07 22:05:45,003:INFO: Creating the dataset...
2018-11-07 22:05:45,026:INFO: Creating the model...
2018-11-07 22:05:45,285:INFO: Starting evaluation
2018-11-07 22:05:45,374:INFO: Restoring parameters from experiments/base_model/best_weights/after-epoch-9
2018-11-07 22:05:45,545:INFO: - Eval metrics: accuracy: 0.958 ; loss: 0.177
2018-11-07 22:06:53,664:INFO: Creating the dataset...
2018-11-07 22:06:53,687:INFO: Creating the model...
2018-11-07 22:06:53,951:INFO: Starting evaluation
2018-11-07 22:06:54,029:INFO: Restoring parameters from experiments/base_model/best_weights/after-epoch-9
2018-11-07 22:06:54,195:INFO: - Eval metrics: loss: 0.177 ; accuracy: 0.958
2018-11-07 22:07:14,394:INFO: Creating the dataset...
2018-11-07 22:07:14,417:INFO: Creating the model...
2018-11-07 22:07:14,678:INFO: Starting evaluation
2018-11-07 22:07:14,752:INFO: Restoring parameters from experiments/base_model/best_weights/after-epoch-9
2018-11-07 22:07:14,918:INFO: - Eval metrics: loss: 0.177 ; accuracy: 0.958
2018-11-07 22:09:30,560:INFO: Creating the dataset...
2018-11-07 22:09:30,583:INFO: Creating the model...
2018-11-07 22:09:30,846:INFO: Starting evaluation
2018-11-07 22:09:30,921:INFO: Restoring parameters from experiments/base_model/best_weights/after-epoch-9
2018-11-07 22:09:31,089:INFO: - Eval metrics: loss: 0.513 ; accuracy: 0.867
2018-11-07 22:10:52,673:INFO: Creating the dataset...
2018-11-07 22:10:52,696:INFO: Creating the model...
2018-11-07 22:10:52,958:INFO: Starting evaluation
2018-11-07 22:10:53,033:INFO: Restoring parameters from experiments/base_model/best_weights/after-epoch-5
2018-11-07 22:10:53,206:INFO: - Eval metrics: accuracy: 0.875 ; loss: 0.296
2018-11-07 22:14:27,447:INFO: Creating the dataset...
2018-11-07 22:14:27,470:INFO: Creating the model...
2018-11-07 22:14:27,732:INFO: Starting evaluation
2018-11-07 22:14:27,807:INFO: Restoring parameters from experiments/base_model/best_weights/after-epoch-5
2018-11-07 22:14:27,977:INFO: - Eval metrics: loss: 0.296 ; accuracy: 0.875
2018-11-08 04:32:54,353:INFO: Creating the dataset...
2018-11-08 04:32:54,389:INFO: Creating the model...
2018-11-08 04:32:54,671:INFO: Starting evaluation
2018-11-08 04:32:54,768:INFO: Restoring parameters from experiments/base_model/best_weights/after-epoch-10
2018-11-08 04:32:55,264:INFO: - Eval metrics: accuracy: 0.755 ; loss: 1.246
2018-11-08 15:17:27,812:INFO: Creating the dataset...
2018-11-08 15:17:27,835:INFO: Creating the model...
2018-11-08 15:17:28,101:INFO: Starting evaluation
2018-11-08 15:17:28,180:INFO: Restoring parameters from experiments/base_model/best_weights/after-epoch-10
2018-11-08 15:17:28,652:INFO: - Eval metrics: accuracy: 0.755 ; loss: 1.246
2018-11-08 22:34:33,553:INFO: Creating the dataset...
2018-11-08 22:34:33,581:INFO: Creating the model...
2018-11-08 22:34:34,496:INFO: Starting evaluation
2018-11-08 22:34:34,620:INFO: Restoring parameters from experiments/base_model/best_weights/after-epoch-1
2018-11-08 22:34:35,374:INFO: - Eval metrics: loss: 1.249 ; accuracy: 0.525
